<?xml version="1.0" encoding="UTF-8"?>
<testng-results ignored="0" total="1" passed="1" failed="0" skipped="0">
  <reporter-output>
  </reporter-output>
  <suite started-at="2021-01-18T02:33:25 IST" name="Default suite" finished-at="2021-01-18T02:33:42 IST" duration-ms="16967">
    <groups>
    </groups>
    <test started-at="2021-01-18T02:33:25 IST" name="Default test" finished-at="2021-01-18T02:33:42 IST" duration-ms="16967">
      <class name="Tests.Test1_googleSearch">
        <test-method is-config="true" signature="setupDriver()[pri:0, instance:Tests.Test1_googleSearch@4b5a5ed1]" started-at="2021-01-18T02:33:25 IST" name="setupDriver" finished-at="2021-01-18T02:33:36 IST" duration-ms="11095" status="PASS">
          <reporter-output>
          </reporter-output>
        </test-method> <!-- setupDriver -->
        <test-method signature="googleSearch()[pri:0, instance:Tests.Test1_googleSearch@4b5a5ed1]" started-at="2021-01-18T02:33:36 IST" name="googleSearch" finished-at="2021-01-18T02:33:40 IST" duration-ms="4088" status="PASS">
          <reporter-output>
          </reporter-output>
        </test-method> <!-- googleSearch -->
        <test-method is-config="true" signature="teardown()[pri:0, instance:Tests.Test1_googleSearch@4b5a5ed1]" started-at="2021-01-18T02:33:40 IST" name="teardown" finished-at="2021-01-18T02:33:42 IST" duration-ms="1706" status="PASS">
          <reporter-output>
          </reporter-output>
        </test-method> <!-- teardown -->
      </class> <!-- Tests.Test1_googleSearch -->
    </test> <!-- Default test -->
  </suite> <!-- Default suite -->
</testng-results>
